<?xml version="1.0" encoding="UTF-8"?>
<!-- Generated by org.testng.reporters.JUnitReportReporter -->
<testsuite hostname="LAPTOP-UVFJ84PP" failures="0" tests="4" name="com.nopcommerce.demo.testsuite.LoginPageTest" time="17.950" errors="0" timestamp="2024-06-17T20:10:45 AEST" skipped="0">
  <testcase classname="com.nopcommerce.demo.testsuite.LoginPageTest" name="verifyThatUserShouldLogOutSuccessFully" time="5.074">
    <system-out>
      <![CDATA[Clicking on login link[[ChromeDriver: chrome on windows (3bdc76afcfd17db2b70411e4ebb83d1e)] -> link text: Log in]
Enter EmailId [[ChromeDriver: chrome on windows (3bdc76afcfd17db2b70411e4ebb83d1e)] -> id: Email]
Enter Password [[ChromeDriver: chrome on windows (3bdc76afcfd17db2b70411e4ebb83d1e)] -> name: Password]
Click on loginButton[[ChromeDriver: chrome on windows (3bdc76afcfd17db2b70411e4ebb83d1e)] -> xpath: //button[contains(text(),'Log in')]]
Clicking on logout link[[ChromeDriver: chrome on windows (3bdc76afcfd17db2b70411e4ebb83d1e)] -> link text: Log out]
Get login link[[ChromeDriver: chrome on windows (3bdc76afcfd17db2b70411e4ebb83d1e)] -> link text: Log in]]]>
    </system-out>
  </testcase> <!-- verifyThatUserShouldLogOutSuccessFully -->
  <testcase classname="com.nopcommerce.demo.testsuite.LoginPageTest" name="userShouldNavigateToLoginPageSuccessFully" time="4.315">
    <system-out>
      <![CDATA[Clicking on login link[[ChromeDriver: chrome on windows (df24c3503dd4e8e1518b0530e3f7e6d2)] -> link text: Log in]
Get welcome text[[ChromeDriver: chrome on windows (df24c3503dd4e8e1518b0530e3f7e6d2)] -> xpath: //h1[contains(text(),'Welcome, Please Sign In!')]]]]>
    </system-out>
  </testcase> <!-- userShouldNavigateToLoginPageSuccessFully -->
  <testcase classname="com.nopcommerce.demo.testsuite.LoginPageTest" name="verifyThatUserShouldLogInSuccessFullyWithValidCredentials" time="4.525">
    <system-out>
      <![CDATA[Clicking on login link[[ChromeDriver: chrome on windows (e87d26634c52d945b24270f3752078b7)] -> link text: Log in]
Enter EmailId [[ChromeDriver: chrome on windows (e87d26634c52d945b24270f3752078b7)] -> id: Email]
Enter Password [[ChromeDriver: chrome on windows (e87d26634c52d945b24270f3752078b7)] -> name: Password]
Click on loginButton[[ChromeDriver: chrome on windows (e87d26634c52d945b24270f3752078b7)] -> xpath: //button[contains(text(),'Log in')]]
Get logout link[[ChromeDriver: chrome on windows (e87d26634c52d945b24270f3752078b7)] -> link text: Log out]]]>
    </system-out>
  </testcase> <!-- verifyThatUserShouldLogInSuccessFullyWithValidCredentials -->
  <testcase classname="com.nopcommerce.demo.testsuite.LoginPageTest" name="verifyTheErrorMessageWithInValidCredentials" time="4.036">
    <system-out>
      <![CDATA[Clicking on login link[[ChromeDriver: chrome on windows (399b66d95268a9f5114412b2a58d77ff)] -> link text: Log in]
Enter EmailId [[ChromeDriver: chrome on windows (399b66d95268a9f5114412b2a58d77ff)] -> id: Email]
Enter Password [[ChromeDriver: chrome on windows (399b66d95268a9f5114412b2a58d77ff)] -> name: Password]
Click on loginButton[[ChromeDriver: chrome on windows (399b66d95268a9f5114412b2a58d77ff)] -> xpath: //button[contains(text(),'Log in')]]
Get errorMessage[[ChromeDriver: chrome on windows (399b66d95268a9f5114412b2a58d77ff)] -> xpath: //div[@class='message-error validation-summary-errors']]]]>
    </system-out>
  </testcase> <!-- verifyTheErrorMessageWithInValidCredentials -->
  <system-out>
    <![CDATA[Clicking on login link[[ChromeDriver: chrome on windows (df24c3503dd4e8e1518b0530e3f7e6d2)] -> link text: Log in]
Get welcome text[[ChromeDriver: chrome on windows (df24c3503dd4e8e1518b0530e3f7e6d2)] -> xpath: //h1[contains(text(),'Welcome, Please Sign In!')]]
Clicking on login link[[ChromeDriver: chrome on windows (e87d26634c52d945b24270f3752078b7)] -> link text: Log in]
Enter EmailId [[ChromeDriver: chrome on windows (e87d26634c52d945b24270f3752078b7)] -> id: Email]
Enter Password [[ChromeDriver: chrome on windows (e87d26634c52d945b24270f3752078b7)] -> name: Password]
Click on loginButton[[ChromeDriver: chrome on windows (e87d26634c52d945b24270f3752078b7)] -> xpath: //button[contains(text(),'Log in')]]
Get logout link[[ChromeDriver: chrome on windows (e87d26634c52d945b24270f3752078b7)] -> link text: Log out]
Clicking on login link[[ChromeDriver: chrome on windows (3bdc76afcfd17db2b70411e4ebb83d1e)] -> link text: Log in]
Enter EmailId [[ChromeDriver: chrome on windows (3bdc76afcfd17db2b70411e4ebb83d1e)] -> id: Email]
Enter Password [[ChromeDriver: chrome on windows (3bdc76afcfd17db2b70411e4ebb83d1e)] -> name: Password]
Click on loginButton[[ChromeDriver: chrome on windows (3bdc76afcfd17db2b70411e4ebb83d1e)] -> xpath: //button[contains(text(),'Log in')]]
Clicking on logout link[[ChromeDriver: chrome on windows (3bdc76afcfd17db2b70411e4ebb83d1e)] -> link text: Log out]
Get login link[[ChromeDriver: chrome on windows (3bdc76afcfd17db2b70411e4ebb83d1e)] -> link text: Log in]
Clicking on login link[[ChromeDriver: chrome on windows (399b66d95268a9f5114412b2a58d77ff)] -> link text: Log in]
Enter EmailId [[ChromeDriver: chrome on windows (399b66d95268a9f5114412b2a58d77ff)] -> id: Email]
Enter Password [[ChromeDriver: chrome on windows (399b66d95268a9f5114412b2a58d77ff)] -> name: Password]
Click on loginButton[[ChromeDriver: chrome on windows (399b66d95268a9f5114412b2a58d77ff)] -> xpath: //button[contains(text(),'Log in')]]
Get errorMessage[[ChromeDriver: chrome on windows (399b66d95268a9f5114412b2a58d77ff)] -> xpath: //div[@class='message-error validation-summary-errors']]]]>
  </system-out>
</testsuite> <!-- com.nopcommerce.demo.testsuite.LoginPageTest -->
